# JRE version: OpenJDK Runtime Environment (8.0_152-b01) (build 1.8.0_152-release-1248-b01)
# Java VM: OpenJDK 64-Bit Server VM (25.152-b01 mixed mode windows-amd64 compressed oops)
Heap:
 PSYoungGen      total 312832K, used 242908K [0x00000000e0000000, 0x00000000f6200000, 0x0000000100000000)
  eden space 288768K, 75% used [0x00000000e0000000,0x00000000ed5bfd80,0x00000000f1a00000)
  from space 24064K, 99% used [0x00000000f2480000,0x00000000f3bf7280,0x00000000f3c00000)
  to   space 36864K, 0% used [0x00000000f3e00000,0x00000000f3e00000,0x00000000f6200000)
 ParOldGen       total 148480K, used 51319K [0x00000000a0000000, 0x00000000a9100000, 0x00000000e0000000)
  object space 148480K, 34% used [0x00000000a0000000,0x00000000a321def0,0x00000000a9100000)
 Metaspace       used 78571K, capacity 81198K, committed 81280K, reserved 1120256K
  class space    used 9927K, capacity 10570K, committed 10624K, reserved 1048576K
GC Heap History (10 events):
Event: 91.903 GC heap before
{Heap before GC invocations=20 (full 3):
 PSYoungGen      total 266240K, used 255290K [0x00000000e0000000, 0x00000000f1880000, 0x0000000100000000)
  eden space 248320K, 100% used [0x00000000e0000000,0x00000000ef280000,0x00000000ef280000)
  from space 17920K, 38% used [0x00000000f0700000,0x00000000f0dcebd8,0x00000000f1880000)
  to   space 19456K, 0% used [0x00000000ef280000,0x00000000ef280000,0x00000000f0580000)
 ParOldGen       total 148480K, used 31987K [0x00000000a0000000, 0x00000000a9100000, 0x00000000e0000000)
  object space 148480K, 21% used [0x00000000a0000000,0x00000000a1f3cfb0,0x00000000a9100000)
 Metaspace       used 58897K, capacity 60180K, committed 60248K, reserved 1101824K
  class space    used 7535K, capacity 7905K, committed 7936K, reserved 1048576K
Event: 91.916 GC heap after
Heap after GC invocations=20 (full 3):
 PSYoungGen      total 267776K, used 14070K [0x00000000e0000000, 0x00000000f3c80000, 0x0000000100000000)
  eden space 248320K, 0% used [0x00000000e0000000,0x00000000e0000000,0x00000000ef280000)
  from space 19456K, 72% used [0x00000000ef280000,0x00000000f003da88,0x00000000f0580000)
  to   space 20480K, 0% used [0x00000000f2880000,0x00000000f2880000,0x00000000f3c80000)
 ParOldGen       total 148480K, used 31995K [0x00000000a0000000, 0x00000000a9100000, 0x00000000e0000000)
  object space 148480K, 21% used [0x00000000a0000000,0x00000000a1f3efb0,0x00000000a9100000)
 Metaspace       used 58897K, capacity 60180K, committed 60248K, reserved 1101824K
  class space    used 7535K, capacity 7905K, committed 7936K, reserved 1048576K
}
Event: 108.209 GC heap before
{Heap before GC invocations=21 (full 3):
 PSYoungGen      total 267776K, used 262390K [0x00000000e0000000, 0x00000000f3c80000, 0x0000000100000000)
  eden space 248320K, 100% used [0x00000000e0000000,0x00000000ef280000,0x00000000ef280000)
  from space 19456K, 72% used [0x00000000ef280000,0x00000000f003da88,0x00000000f0580000)
  to   space 20480K, 0% used [0x00000000f2880000,0x00000000f2880000,0x00000000f3c80000)
 ParOldGen       total 148480K, used 31995K [0x00000000a0000000, 0x00000000a9100000, 0x00000000e0000000)
  object space 148480K, 21% used [0x00000000a0000000,0x00000000a1f3efb0,0x00000000a9100000)
 Metaspace       used 58897K, capacity 60180K, committed 60248K, reserved 1101824K
  class space    used 7535K, capacity 7905K, committed 7936K, reserved 1048576K
Event: 108.220 GC heap after
Heap after GC invocations=21 (full 3):
 PSYoungGen      total 294400K, used 13899K [0x00000000e0000000, 0x00000000f3880000, 0x0000000100000000)
  eden space 278016K, 0% used [0x00000000e0000000,0x00000000e0000000,0x00000000f0f80000)
  from space 16384K, 84% used [0x00000000f2880000,0x00000000f3612e78,0x00000000f3880000)
  to   space 20992K, 0% used [0x00000000f0f80000,0x00000000f0f80000,0x00000000f2400000)
 ParOldGen       total 148480K, used 31995K [0x00000000a0000000, 0x00000000a9100000, 0x00000000e0000000)
  object space 148480K, 21% used [0x00000000a0000000,0x00000000a1f3efb0,0x00000000a9100000)
 Metaspace       used 58897K, capacity 60180K, committed 60248K, reserved 1101824K
  class space    used 7535K, capacity 7905K, committed 7936K, reserved 1048576K
}
Event: 128.443 GC heap before
{Heap before GC invocations=22 (full 3):
 PSYoungGen      total 294400K, used 291915K [0x00000000e0000000, 0x00000000f3880000, 0x0000000100000000)
  eden space 278016K, 100% used [0x00000000e0000000,0x00000000f0f80000,0x00000000f0f80000)
  from space 16384K, 84% used [0x00000000f2880000,0x00000000f3612e78,0x00000000f3880000)
  to   space 20992K, 0% used [0x00000000f0f80000,0x00000000f0f80000,0x00000000f2400000)
 ParOldGen       total 148480K, used 31995K [0x00000000a0000000, 0x00000000a9100000, 0x00000000e0000000)
  object space 148480K, 21% used [0x00000000a0000000,0x00000000a1f3efb0,0x00000000a9100000)
 Metaspace       used 67858K, capacity 69694K, committed 69888K, reserved 1110016K
  class space    used 8914K, capacity 9392K, committed 9472K, reserved 1048576K
Event: 128.482 GC heap after
Heap after GC invocations=22 (full 3):
 PSYoungGen      total 299008K, used 20971K [0x00000000e0000000, 0x00000000f6100000, 0x0000000100000000)
  eden space 278016K, 0% used [0x00000000e0000000,0x00000000e0000000,0x00000000f0f80000)
  from space 20992K, 99% used [0x00000000f0f80000,0x00000000f23fac48,0x00000000f2400000)
  to   space 26624K, 0% used [0x00000000f4700000,0x00000000f4700000,0x00000000f6100000)
 ParOldGen       total 148480K, used 39102K [0x00000000a0000000, 0x00000000a9100000, 0x00000000e0000000)
  object space 148480K, 26% used [0x00000000a0000000,0x00000000a262fb70,0x00000000a9100000)
 Metaspace       used 67858K, capacity 69694K, committed 69888K, reserved 1110016K
  class space    used 8914K, capacity 9392K, committed 9472K, reserved 1048576K
}
Event: 156.488 GC heap before
{Heap before GC invocations=23 (full 3):
 PSYoungGen      total 299008K, used 298987K [0x00000000e0000000, 0x00000000f6100000, 0x0000000100000000)
  eden space 278016K, 100% used [0x00000000e0000000,0x00000000f0f80000,0x00000000f0f80000)
  from space 20992K, 99% used [0x00000000f0f80000,0x00000000f23fac48,0x00000000f2400000)
  to   space 26624K, 0% used [0x00000000f4700000,0x00000000f4700000,0x00000000f6100000)
 ParOldGen       total 148480K, used 39102K [0x00000000a0000000, 0x00000000a9100000, 0x00000000e0000000)
  object space 148480K, 26% used [0x00000000a0000000,0x00000000a262fb70,0x00000000a9100000)
 Metaspace       used 69797K, capacity 71780K, committed 72064K, reserved 1112064K
  class space    used 9057K, capacity 9521K, committed 9600K, reserved 1048576K
Event: 156.535 GC heap after
Heap after GC invocations=23 (full 3):
 PSYoungGen      total 326144K, used 26608K [0x00000000e0000000, 0x00000000f6f00000, 0x0000000100000000)
  eden space 299520K, 0% used [0x00000000e0000000,0x00000000e0000000,0x00000000f2480000)
  from space 26624K, 99% used [0x00000000f4700000,0x00000000f60fc338,0x00000000f6100000)
  to   space 35328K, 0% used [0x00000000f2480000,0x00000000f2480000,0x00000000f4700000)
 ParOldGen       total 148480K, used 51311K [0x00000000a0000000, 0x00000000a9100000, 0x00000000e0000000)
  object space 148480K, 34% used [0x00000000a0000000,0x00000000a321bef0,0x00000000a9100000)
 Metaspace       used 69797K, capacity 71780K, committed 72064K, reserved 1112064K
  class space    used 9057K, capacity 9521K, committed 9600K, reserved 1048576K
}
Event: 760.306 GC heap before
{Heap before GC invocations=24 (full 3):
 PSYoungGen      total 326144K, used 326128K [0x00000000e0000000, 0x00000000f6f00000, 0x0000000100000000)
  eden space 299520K, 100% used [0x00000000e0000000,0x00000000f2480000,0x00000000f2480000)
  from space 26624K, 99% used [0x00000000f4700000,0x00000000f60fc338,0x00000000f6100000)
  to   space 35328K, 0% used [0x00000000f2480000,0x00000000f2480000,0x00000000f4700000)
 ParOldGen       total 148480K, used 51311K [0x00000000a0000000, 0x00000000a9100000, 0x00000000e0000000)
  object space 148480K, 34% used [0x00000000a0000000,0x00000000a321bef0,0x00000000a9100000)
 Metaspace       used 75671K, capacity 78108K, committed 78464K, reserved 1118208K
  class space    used 9634K, capacity 10249K, committed 10368K, reserved 1048576K
Event: 760.329 GC heap after
Heap after GC invocations=24 (full 3):
 PSYoungGen      total 312832K, used 24028K [0x00000000e0000000, 0x00000000f6200000, 0x0000000100000000)
  eden space 288768K, 0% used [0x00000000e0000000,0x00000000e0000000,0x00000000f1a00000)
  from space 24064K, 99% used [0x00000000f2480000,0x00000000f3bf7280,0x00000000f3c00000)
  to   space 36864K, 0% used [0x00000000f3e00000,0x00000000f3e00000,0x00000000f6200000)
 ParOldGen       total 148480K, used 51319K [0x00000000a0000000, 0x00000000a9100000, 0x00000000e0000000)
  object space 148480K, 34% used [0x00000000a0000000,0x00000000a321def0,0x00000000a9100000)
 Metaspace       used 75671K, capacity 78108K, committed 78464K, reserved 1118208K
  class space    used 9634K, capacity 10249K, committed 10368K, reserved 1048576K
}

